  Caro.cpp
D:\Code\Caro\project\Caro\Caro\Caro.cpp(87,61): warning C4244: 'argument': conversion from 'int' to 'T', possible loss of data
D:\Code\Caro\project\Caro\Caro\Caro.cpp(87,61): warning C4244:         with
D:\Code\Caro\project\Caro\Caro\Caro.cpp(87,61): warning C4244:         [
D:\Code\Caro\project\Caro\Caro\Caro.cpp(87,61): warning C4244:             T=float
D:\Code\Caro\project\Caro\Caro\Caro.cpp(87,61): warning C4244:         ]
D:\Code\Caro\project\Caro\Caro\Caro.cpp(87,54): warning C4244: 'argument': conversion from 'int' to 'T', possible loss of data
D:\Code\Caro\project\Caro\Caro\Caro.cpp(87,54): warning C4244:         with
D:\Code\Caro\project\Caro\Caro\Caro.cpp(87,54): warning C4244:         [
D:\Code\Caro\project\Caro\Caro\Caro.cpp(87,54): warning C4244:             T=float
D:\Code\Caro\project\Caro\Caro\Caro.cpp(87,54): warning C4244:         ]
D:\Code\Caro\project\Caro\Caro\Caro.cpp(88,43): warning C4244: 'argument': conversion from 'int' to 'T', possible loss of data
D:\Code\Caro\project\Caro\Caro\Caro.cpp(88,43): warning C4244:         with
D:\Code\Caro\project\Caro\Caro\Caro.cpp(88,43): warning C4244:         [
D:\Code\Caro\project\Caro\Caro\Caro.cpp(88,43): warning C4244:             T=float
D:\Code\Caro\project\Caro\Caro\Caro.cpp(88,43): warning C4244:         ]
D:\Code\Caro\project\Caro\Caro\Caro.cpp(88,40): warning C4244: 'argument': conversion from 'int' to 'T', possible loss of data
D:\Code\Caro\project\Caro\Caro\Caro.cpp(88,40): warning C4244:         with
D:\Code\Caro\project\Caro\Caro\Caro.cpp(88,40): warning C4244:         [
D:\Code\Caro\project\Caro\Caro\Caro.cpp(88,40): warning C4244:             T=float
D:\Code\Caro\project\Caro\Caro\Caro.cpp(88,40): warning C4244:         ]
D:\Code\Caro\project\Caro\Caro\Caro.cpp(196,24): warning C4244: 'initializing': conversion from '_Ty' to 'int', possible loss of data
D:\Code\Caro\project\Caro\Caro\Caro.cpp(196,24): warning C4244:         with
D:\Code\Caro\project\Caro\Caro\Caro.cpp(196,24): warning C4244:         [
D:\Code\Caro\project\Caro\Caro\Caro.cpp(196,24): warning C4244:             _Ty=float
D:\Code\Caro\project\Caro\Caro\Caro.cpp(196,24): warning C4244:         ]
D:\Code\Caro\project\Caro\Caro\Caro.cpp(340,28): warning C4267: 'initializing': conversion from 'size_t' to 'int', possible loss of data
D:\Code\Caro\project\Caro\Caro\Caro.cpp(371,60): warning C4267: '=': conversion from 'size_t' to 'int', possible loss of data
D:\Code\Caro\project\Caro\Caro\Caro.cpp(401,45): warning C4244: 'argument': conversion from 'const float' to 'unsigned int', possible loss of data
D:\Code\Caro\project\Caro\Caro\Caro.cpp(401,35): warning C4244: 'argument': conversion from 'const float' to 'unsigned int', possible loss of data
  Generating code
  263 of 269 functions (97.8%) were compiled, the rest were copied from previous compilation.
    258 functions were new in current compilation
    3 functions had inline decision re-evaluated but remain unchanged
  Finished generating code
  Caro.vcxproj -> D:\Code\Caro\project\Caro\x64\Release\Caro.exe
